<?xml version="1.0" encoding="UTF-8"?>
<testng-results ignored="0" total="2" passed="2" failed="0" skipped="0">
  <reporter-output>
  </reporter-output>
  <suite started-at="2023-06-26T17:12:35 IST" name="Default suite" finished-at="2023-06-26T17:12:47 IST" duration-ms="12099">
    <groups>
    </groups>
    <test started-at="2023-06-26T17:12:35 IST" name="Default test" finished-at="2023-06-26T17:12:47 IST" duration-ms="12099">
      <class name="com.assertt.ParallelTest">
        <test-method signature="Launch()[pri:0, instance:com.assertt.ParallelTest@659499f1]" started-at="2023-06-26T17:12:35 IST" name="Launch" finished-at="2023-06-26T17:12:38 IST" duration-ms="3736" status="PASS">
          <reporter-output>
          </reporter-output>
        </test-method> <!-- Launch -->
        <test-method signature="Facebook()[pri:0, instance:com.assertt.ParallelTest@659499f1]" started-at="2023-06-26T17:12:38 IST" name="Facebook" finished-at="2023-06-26T17:12:47 IST" depends-on-methods="com.assertt.ParallelTest.Launch" duration-ms="8324" status="PASS">
          <reporter-output>
          </reporter-output>
        </test-method> <!-- Facebook -->
      </class> <!-- com.assertt.ParallelTest -->
    </test> <!-- Default test -->
  </suite> <!-- Default suite -->
</testng-results>
